<?xml version="1.0" encoding="UTF-8"?>
<!-- Generated by org.testng.reporters.JUnitReportReporter -->
<testsuite hostname="Z1-471" failures="0" tests="1" name="com.TestNG.Testcase2" time="13.709" errors="0" timestamp="2022-04-22T10:04:13 IST" skipped="0">
  <testcase classname="com.TestNG.Testcase2" name="tc2" time="13.709"/>
  <system-out>
    <![CDATA[Forgotten Password | Can't Log In | Facebook
https://www.facebook.com/login/identify/?ctx=recover&ars=facebook_login&from_login_screen=0]]>
  </system-out>
</testsuite> <!-- com.TestNG.Testcase2 -->
