<?xml version="1.0" encoding="UTF-8"?>
<!-- Generated by org.testng.reporters.JUnitReportReporter -->
<testsuite hostname="Z1-471" failures="0" tests="1" name="com.TestNG.Test0" time="0.024" errors="0" timestamp="2022-04-21T09:11:53 IST" skipped="0">
  <testcase classname="com.TestNG.Test0" name="tc1" time="0.024"/>
  <system-out>
    <![CDATA[Hello java
Hello selenium]]>
  </system-out>
</testsuite> <!-- com.TestNG.Test0 -->
