<?xml version="1.0" encoding="UTF-8"?>
<!-- Generated by org.testng.reporters.JUnitReportReporter -->
<testsuite hostname="Z1-471" failures="0" tests="3" name="com.TestNG.Paralel" time="158.573" errors="0" timestamp="2022-04-22T12:02:59 IST" skipped="0">
  <testcase classname="com.TestNG.Paralel" name="tc1" time="54.565"/>
  <system-out>
    <![CDATA[Facebook – log in or sign up
https://www.facebook.com/login/?privacy_mutation_token=eyJ0eXBlIjowLCJjcmVhdGlvbl90aW1lIjoxNjUwNjA5MTUzLCJjYWxsc2l0ZV9pZCI6MzgxMjI5MDc5NTc1OTQ2fQ%3D%3D]]>
  </system-out>
  <testcase classname="com.TestNG.Paralel" name="tc1" time="51.825"/>
  <system-out>
    <![CDATA[
https://www.facebook.com/login/?privacy_mutation_token=eyJ0eXBlIjowLCJjcmVhdGlvbl90aW1lIjoxNjUwNjA5MTUyLCJjYWxsc2l0ZV9pZCI6MzgxMjI5MDc5NTc1OTQ2fQ%3D%3D]]>
  </system-out>
  <testcase classname="com.TestNG.Paralel" name="tc1" time="52.183"/>
  <system-out>
    <![CDATA[Facebook – log in or sign up
https://www.facebook.com/login/?privacy_mutation_token=eyJ0eXBlIjowLCJjcmVhdGlvbl90aW1lIjoxNjUwNjA5MTU0LCJjYWxsc2l0ZV9pZCI6MzgxMjI5MDc5NTc1OTQ2fQ%3D%3D]]>
  </system-out>
</testsuite> <!-- com.TestNG.Paralel -->
