<?xml version="1.0" encoding="UTF-8"?>
<!-- Generated by org.testng.reporters.JUnitReportReporter -->
<testsuite hostname="Z1-471" failures="0" tests="1" name="com.TestNG.Testcase3" time="15.763" errors="0" timestamp="2022-04-22T10:04:13 IST" skipped="0">
  <testcase classname="com.TestNG.Testcase3" name="tc3" time="15.763"/>
  <system-out>
    <![CDATA[Log in to Facebook
https://www.facebook.com/login/?next=https%3A%2F%2Fwww.facebook.com%2Fpages%2Fcreate%2F%3Fref_type%3Dregistration_form]]>
  </system-out>
</testsuite> <!-- com.TestNG.Testcase3 -->
