<?xml version="1.0" encoding="UTF-8"?>
<!-- Generated by org.testng.reporters.JUnitReportReporter -->
<testsuite hostname="Z1-471" failures="0" tests="7" name="com.TestNG.Test1" time="0.084" errors="0" timestamp="2022-04-21T15:56:39 IST" skipped="1">
  <testcase classname="com.TestNG.Test1" name="calls" time="0.006"/>
  <system-out>
    <![CDATA[calls]]>
  </system-out>
  <testcase classname="com.TestNG.Test1" name="calls" time="0.010"/>
  <system-out>
    <![CDATA[calls]]>
  </system-out>
  <testcase classname="com.TestNG.Test1" name="calls" time="0.010"/>
  <system-out>
    <![CDATA[calls]]>
  </system-out>
  <testcase classname="com.TestNG.Test1" name="calls" time="0.014"/>
  <system-out>
    <![CDATA[calls]]>
  </system-out>
  <testcase classname="com.TestNG.Test1" name="calls" time="0.035"/>
  <system-out>
    <![CDATA[calls]]>
  </system-out>
  <testcase classname="com.TestNG.Test1" name="settings" time="0.009"/>
  <system-out>
    <![CDATA[settings]]>
  </system-out>
  <testcase classname="com.TestNG.Test1" name="chats">
    <skipped/>
  </testcase> <!-- chats -->
  <system-out/>
</testsuite> <!-- com.TestNG.Test1 -->
